<?xml version="1.0" encoding="UTF-8"?>
<!-- Generated by org.testng.reporters.JUnitReportReporter -->
<testsuite hostname="Manjushree" failures="0" tests="1" name="Test.LinksToImgaes" time="2.717" errors="0" timestamp="2020-08-16T17:59:01 IST" skipped="0">
  <testcase classname="Test.LinksToImgaes" name="Images" time="2.717"/>
</testsuite> <!-- Test.LinksToImgaes -->
