<?xml version="1.0" encoding="UTF-8"?>
<!-- Generated by org.testng.reporters.JUnitReportReporter -->
<testsuite hostname="Manjushree" failures="0" tests="1" name="Test.BrokenLinks" time="293.647" errors="0" timestamp="2020-08-16T17:33:03 IST" skipped="0">
  <testcase classname="Test.BrokenLinks" name="validateBrokenLinks" time="293.647"/>
</testsuite> <!-- Test.BrokenLinks -->
