<?xml version="1.0" encoding="UTF-8"?>
<!-- Generated by org.testng.reporters.JUnitReportReporter -->
<testsuite hostname="Manjushree" failures="0" tests="1" name="Test.DynamicData" time="5.324" errors="0" timestamp="2020-08-11T09:25:55 IST" skipped="0">
  <testcase classname="Test.DynamicData" name="extractData" time="5.324"/>
</testsuite> <!-- Test.DynamicData -->
