<?xml version="1.0" encoding="UTF-8"?>
<!-- Generated by org.testng.reporters.JUnitReportReporter -->
<testsuite hostname="Manjushree" failures="0" tests="6" name="Test.SeleniumCoding" time="39.991" errors="0" timestamp="2020-08-13T18:35:23 IST" skipped="0">
  <testcase classname="Test.SeleniumCoding" name="Login" time="7.884"/>
  <testcase classname="Test.SeleniumCoding" name="getPriceList" time="6.024"/>
  <testcase classname="Test.SeleniumCoding" name="selectFifthprice" time="0.197"/>
  <testcase classname="Test.SeleniumCoding" name="select_Fifth_property" time="18.142"/>
  <testcase classname="Test.SeleniumCoding" name="getAgentDetails" time="0.443"/>
  <testcase classname="Test.SeleniumCoding" name="validateAgentName" time="7.301"/>
</testsuite> <!-- Test.SeleniumCoding -->
