<?xml version="1.0" encoding="UTF-8"?>
<!-- Generated by org.testng.reporters.JUnitReportReporter -->
<testsuite hostname="Manjushree" failures="0" tests="1" name="Test.getUserName" time="9.814" errors="0" timestamp="2020-08-09T20:56:20 IST" skipped="0">
  <testcase classname="Test.getUserName" name="check" time="9.814"/>
</testsuite> <!-- Test.getUserName -->
