<?xml version="1.0" encoding="UTF-8"?>
<!-- Generated by org.testng.reporters.JUnitReportReporter -->
<testsuite hostname="Manjushree" failures="0" tests="1" name="Test.exitIntent" time="2.846" errors="0" timestamp="2020-08-17T11:56:51 IST" skipped="0">
  <testcase classname="Test.exitIntent" name="validateModal" time="2.846"/>
</testsuite> <!-- Test.exitIntent -->
