<?xml version="1.0" encoding="UTF-8"?>
<!-- Generated by org.testng.reporters.JUnitReportReporter -->
<testsuite hostname="Manjushree" failures="0" tests="4" name="com.FreeCRM.testcases.HomePageTest" time="149.906" errors="0" timestamp="2021-02-18T16:06:48 IST" skipped="0">
  <testcase classname="com.FreeCRM.testcases.HomePageTest" name="VerifyHomePageTitle" time="16.353"/>
  <testcase classname="com.FreeCRM.testcases.HomePageTest" name="VerifyHelpTextisDisplayed" time="19.150"/>
  <testcase classname="com.FreeCRM.testcases.HomePageTest" name="VerifyMediaidDisplayed" time="85.216"/>
  <testcase classname="com.FreeCRM.testcases.HomePageTest" name="ClickOnUserCreation" time="29.187"/>
</testsuite> <!-- com.FreeCRM.testcases.HomePageTest -->
