<?xml version="1.0" encoding="UTF-8"?>
<!-- Generated by org.testng.reporters.JUnitReportReporter -->
<testsuite hostname="Manjushree" failures="0" tests="2" name="com.FreeCRM.testcases.MediaPageTest" time="230.713" errors="0" timestamp="2021-02-19T13:19:51 IST" skipped="1">
  <testcase classname="com.FreeCRM.testcases.MediaPageTest" name="VerifyMediaTabPageisdisplayed" time="230.713"/>
  <testcase classname="com.FreeCRM.testcases.MediaPageTest" name="VerifyMediaItemsDropDownValues">
    <skipped/>
  </testcase> <!-- VerifyMediaItemsDropDownValues -->
</testsuite> <!-- com.FreeCRM.testcases.MediaPageTest -->
