<?xml version="1.0" encoding="UTF-8"?>
<!-- Generated by org.testng.reporters.JUnitReportReporter -->
<testsuite hostname="Manjushree" failures="0" tests="1" name="Test.Scroll" time="8.205" errors="0" timestamp="2020-08-15T15:21:49 IST" skipped="0">
  <testcase classname="Test.Scroll" name="scrolling" time="8.205"/>
</testsuite> <!-- Test.Scroll -->
