<?xml version="1.0" encoding="UTF-8"?>
<!-- Generated by org.testng.reporters.JUnitReportReporter -->
<testsuite hostname="Manjushree" failures="0" tests="2" name="Test.CalendarDatePicker" time="2.734" errors="0" timestamp="2020-08-28T17:43:40 IST" skipped="1">
  <testcase classname="Test.CalendarDatePicker" name="selectDateWithXPATH" time="2.734"/>
  <testcase classname="Test.CalendarDatePicker" name="CalendarGadgetUsingJavascrpit">
    <skipped/>
  </testcase> <!-- CalendarGadgetUsingJavascrpit -->
</testsuite> <!-- Test.CalendarDatePicker -->
