<?xml version="1.0" encoding="UTF-8"?>
<!-- Generated by org.testng.reporters.JUnitReportReporter -->
<testsuite hostname="Manjushree" failures="0" tests="1" name="Test.ModalTest" time="10.483" errors="0" timestamp="2020-08-15T15:58:54 IST" skipped="0">
  <testcase classname="Test.ModalTest" name="modalDisplayed" time="10.483"/>
</testsuite> <!-- Test.ModalTest -->
