<?xml version="1.0" encoding="UTF-8"?>
<!-- Generated by org.testng.reporters.JUnitReportReporter -->
<testsuite hostname="Manjushree" failures="0" tests="2" name="com.FreeCRM.testcases.MediaPageTest" time="99.009" errors="0" timestamp="2021-03-07T17:27:46 IST" skipped="1">
  <testcase classname="com.FreeCRM.testcases.MediaPageTest" name="VerifyMediaTabPageisdisplayed" time="99.009"/>
  <testcase classname="com.FreeCRM.testcases.MediaPageTest" name="VerifyMediaItemsDropDownValues">
    <skipped/>
  </testcase> <!-- VerifyMediaItemsDropDownValues -->
</testsuite> <!-- com.FreeCRM.testcases.MediaPageTest -->
