<?xml version="1.0" encoding="UTF-8"?>
<!-- Generated by org.testng.reporters.JUnitReportReporter -->
<testsuite hostname="Manjushree" failures="0" tests="3" name="com.FreeCRM.testcases.LoginPageTest" time="99.194" errors="0" timestamp="2021-03-07T17:27:46 IST" skipped="0">
  <testcase classname="com.FreeCRM.testcases.LoginPageTest" name="LoginPageTitleTest" time="9.864"/>
  <testcase classname="com.FreeCRM.testcases.LoginPageTest" name="LogoTest" time="53.940"/>
  <testcase classname="com.FreeCRM.testcases.LoginPageTest" name="LoginTest" time="35.390"/>
</testsuite> <!-- com.FreeCRM.testcases.LoginPageTest -->
