<?xml version="1.0" encoding="UTF-8"?>
<!-- Generated by org.testng.reporters.JUnitReportReporter -->
<testsuite hostname="Manjushree" failures="0" tests="4" name="com.FreeCRM.testcases.HomePageTest" time="145.187" errors="0" timestamp="2021-03-07T17:27:46 IST" skipped="0">
  <testcase classname="com.FreeCRM.testcases.HomePageTest" name="VerifyHomePageTitle" time="27.838"/>
  <testcase classname="com.FreeCRM.testcases.HomePageTest" name="VerifyHelpTextisDisplayed" time="22.694"/>
  <testcase classname="com.FreeCRM.testcases.HomePageTest" name="VerifyMediaidDisplayed" time="32.319"/>
  <testcase classname="com.FreeCRM.testcases.HomePageTest" name="ClickOnUserCreation" time="62.336"/>
</testsuite> <!-- com.FreeCRM.testcases.HomePageTest -->
